<?xml version="1.0" encoding="UTF-8"?>
<!-- Generated by org.testng.reporters.JUnitReportReporter -->
<testsuite skipped="0" hostname="DESKTOP-3DNI366" name="com.bixbytes.qa.cbooster.testcases.SignIn_Positive_Testcases" tests="3" failures="0" timestamp="2020-09-07T16:29:42 IST" time="68.330" errors="0">
  <testcase name="tc1_signin_checktitle_action_case" time="17.349" classname="com.bixbytes.qa.cbooster.testcases.SignIn_Positive_Testcases"/>
  <system-out/>
  <testcase name="tc2_sign_case_valid" time="27.829" classname="com.bixbytes.qa.cbooster.testcases.SignIn_Positive_Testcases"/>
  <system-out/>
  <testcase name="tc3_checktitle_afterlogin_case" time="23.152" classname="com.bixbytes.qa.cbooster.testcases.SignIn_Positive_Testcases"/>
  <system-out/>
</testsuite> <!-- com.bixbytes.qa.cbooster.testcases.SignIn_Positive_Testcases -->
