<?xml version="1.0" encoding="UTF-8"?>
<!-- Generated by org.testng.reporters.JUnitReportReporter -->
<testsuite hostname="Avaneesh-PC" failures="0" tests="1" name="com.bixbytes.qa.cbooster.testcases.Configure_SLA_Negative_Testcases" time="59.575" errors="0" timestamp="2020-09-03T09:58:26 IST" skipped="0">
  <testcase classname="com.bixbytes.qa.cbooster.testcases.Configure_SLA_Negative_Testcases" name="tc1_clickadd_withoutdata" time="59.575"/>
  <system-out/>
</testsuite> <!-- com.bixbytes.qa.cbooster.testcases.Configure_SLA_Negative_Testcases -->
