<?xml version="1.0" encoding="UTF-8"?>
<!-- Generated by org.testng.reporters.JUnitReportReporter -->
<testsuite hostname="Avaneesh-PC" failures="0" tests="3" name="com.bixbytes.qa.cbooster.testcases.ForgotPassword_Positive_Testcases" time="56.375" errors="0" timestamp="2020-08-25T13:13:24 IST" skipped="0">
  <testcase classname="com.bixbytes.qa.cbooster.testcases.ForgotPassword_Positive_Testcases" name="forgorpassword_displayed_check_case" time="16.911"/>
  <system-out/>
  <testcase classname="com.bixbytes.qa.cbooster.testcases.ForgotPassword_Positive_Testcases" name="validate_forgorpwd_page_case" time="21.758"/>
  <system-out/>
  <testcase classname="com.bixbytes.qa.cbooster.testcases.ForgotPassword_Positive_Testcases" name="forgot_password_submit_valid_case" time="17.706"/>
  <system-out/>
</testsuite> <!-- com.bixbytes.qa.cbooster.testcases.ForgotPassword_Positive_Testcases -->
