<?xml version="1.0" encoding="UTF-8"?>
<!-- Generated by org.testng.reporters.JUnitReportReporter -->
<testsuite skipped="0" hostname="DESKTOP-3DNI366" name="com.bixbytes.qa.cbooster.testcases.ForgotPassword_Positive_Testcases" tests="3" failures="0" timestamp="2020-09-07T16:29:42 IST" time="57.567" errors="0">
  <testcase name="tc1_forgorpassword_displayed_check_case" time="19.053" classname="com.bixbytes.qa.cbooster.testcases.ForgotPassword_Positive_Testcases"/>
  <system-out/>
  <testcase name="tc2_validate_forgorpwd_page_case" time="20.105" classname="com.bixbytes.qa.cbooster.testcases.ForgotPassword_Positive_Testcases"/>
  <system-out/>
  <testcase name="tc3_forgot_password_submit_valid_case" time="18.409" classname="com.bixbytes.qa.cbooster.testcases.ForgotPassword_Positive_Testcases"/>
  <system-out/>
</testsuite> <!-- com.bixbytes.qa.cbooster.testcases.ForgotPassword_Positive_Testcases -->
