<?xml version="1.0" encoding="UTF-8"?>
<!-- Generated by org.testng.reporters.JUnitReportReporter -->
<testsuite hostname="Avaneesh-PC" failures="0" tests="4" name="com.bixbytes.qa.cbooster.testcases.Configure_Positive_Testcases" time="169.543" errors="0" timestamp="2020-08-25T18:43:15 IST" skipped="0">
  <testcase classname="com.bixbytes.qa.cbooster.testcases.Configure_Positive_Testcases" name="tc1_validate_configpage" time="42.810"/>
  <system-out/>
  <testcase classname="com.bixbytes.qa.cbooster.testcases.Configure_Positive_Testcases" name="tc2_click_overview_btn" time="51.113"/>
  <system-out/>
  <testcase classname="com.bixbytes.qa.cbooster.testcases.Configure_Positive_Testcases" name="tc3_click_producttype_btn" time="44.764"/>
  <system-out/>
  <testcase classname="com.bixbytes.qa.cbooster.testcases.Configure_Positive_Testcases" name="tc4_add_producttype" time="30.856"/>
  <system-out/>
</testsuite> <!-- com.bixbytes.qa.cbooster.testcases.Configure_Positive_Testcases -->
