<?xml version="1.0" encoding="UTF-8"?>
<!-- Generated by org.testng.reporters.JUnitReportReporter -->
<testsuite skipped="0" hostname="DESKTOP-3DNI366" name="com.bixbytes.qa.cbooster.testcases.DashBoard_Positive_Testcases" tests="1" failures="0" timestamp="2020-09-07T15:50:22 IST" time="30.750" errors="0">
  <testcase name="tc1_dashboard_checktitle_action_case" time="30.750" classname="com.bixbytes.qa.cbooster.testcases.DashBoard_Positive_Testcases"/>
  <system-out/>
</testsuite> <!-- com.bixbytes.qa.cbooster.testcases.DashBoard_Positive_Testcases -->
