<?xml version="1.0" encoding="UTF-8"?>
<!-- Generated by org.testng.reporters.JUnitReportReporter -->
<testsuite skipped="0" hostname="DESKTOP-3DNI366" name="com.bixbytes.qa.cbooster.testcases.Configure_SLA_Positive_Testcases" tests="3" failures="0" timestamp="2020-09-07T16:29:42 IST" time="125.398" errors="0">
  <testcase name="tc1_click_sla_btn" time="36.864" classname="com.bixbytes.qa.cbooster.testcases.Configure_SLA_Positive_Testcases"/>
  <system-out/>
  <testcase name="tc2_add_sla" time="48.204" classname="com.bixbytes.qa.cbooster.testcases.Configure_SLA_Positive_Testcases"/>
  <system-out/>
  <testcase name="tc3_verify_added_sla" time="40.330" classname="com.bixbytes.qa.cbooster.testcases.Configure_SLA_Positive_Testcases"/>
  <system-out/>
</testsuite> <!-- com.bixbytes.qa.cbooster.testcases.Configure_SLA_Positive_Testcases -->
