<?xml version="1.0" encoding="UTF-8"?>
<!-- Generated by org.testng.reporters.JUnitReportReporter -->
<testsuite hostname="Avaneesh-PC" failures="0" tests="3" name="com.bixbytes.qa.cbooster.testcases.SignIn_Negative_Cases" time="131.624" errors="0" timestamp="2020-08-11T18:46:50 IST" skipped="0">
  <testcase classname="com.bixbytes.qa.cbooster.testcases.SignIn_Negative_Cases" name="signin_checktitle_action_case" time="26.508"/>
  <system-out/>
  <testcase classname="com.bixbytes.qa.cbooster.testcases.SignIn_Negative_Cases" name="signin_case_invalid_unpwd" time="72.314"/>
  <system-out/>
  <testcase classname="com.bixbytes.qa.cbooster.testcases.SignIn_Negative_Cases" name="signin_case_invalid_pwd" time="32.802"/>
  <system-out/>
</testsuite> <!-- com.bixbytes.qa.cbooster.testcases.SignIn_Negative_Cases -->
