<?xml version="1.0" encoding="UTF-8"?>
<!-- Generated by org.testng.reporters.JUnitReportReporter -->
<testsuite hostname="Avaneesh-PC" failures="0" tests="1" name="com.bixbytes.qa.cbooster.testcases.DashBoard_Positive_Testcases" time="29.516" errors="0" timestamp="2020-08-11T17:00:04 IST" skipped="0">
  <testcase classname="com.bixbytes.qa.cbooster.testcases.DashBoard_Positive_Testcases" name="dashboard_checktitle_action_case" time="29.516"/>
  <system-out/>
</testsuite> <!-- com.bixbytes.qa.cbooster.testcases.DashBoard_Positive_Testcases -->
