<?xml version="1.0" encoding="UTF-8"?>
<!-- Generated by org.testng.reporters.JUnitReportReporter -->
<testsuite skipped="0" hostname="DESKTOP-3DNI366" name="com.bixbytes.qa.cbooster.testcases.Configure_Currency_Positive_Testcases" tests="3" failures="0" timestamp="2020-09-07T16:29:42 IST" time="114.313" errors="0">
  <testcase name="tc1_click_currency_btn" time="35.676" classname="com.bixbytes.qa.cbooster.testcases.Configure_Currency_Positive_Testcases"/>
  <system-out/>
  <testcase name="tc2_add_currency" time="46.454" classname="com.bixbytes.qa.cbooster.testcases.Configure_Currency_Positive_Testcases"/>
  <system-out/>
  <testcase name="tc3_verify_addedCurrency" time="32.183" classname="com.bixbytes.qa.cbooster.testcases.Configure_Currency_Positive_Testcases"/>
  <system-out/>
</testsuite> <!-- com.bixbytes.qa.cbooster.testcases.Configure_Currency_Positive_Testcases -->
