<?xml version="1.0" encoding="UTF-8"?>
<!-- Generated by org.testng.reporters.JUnitReportReporter -->
<testsuite hostname="Avaneesh-PC" failures="0" tests="3" name="com.bixbytes.qa.cbooster.testcases.Configure_Currency_Positive_Testcases" time="151.992" errors="0" timestamp="2020-09-03T11:01:29 IST" skipped="0">
  <testcase classname="com.bixbytes.qa.cbooster.testcases.Configure_Currency_Positive_Testcases" name="tc1_click_currency_btn" time="45.705"/>
  <system-out/>
  <testcase classname="com.bixbytes.qa.cbooster.testcases.Configure_Currency_Positive_Testcases" name="tc2_add_currency" time="68.385"/>
  <system-out/>
  <testcase classname="com.bixbytes.qa.cbooster.testcases.Configure_Currency_Positive_Testcases" name="tc3_verify_addedCurrency" time="37.902"/>
  <system-out/>
</testsuite> <!-- com.bixbytes.qa.cbooster.testcases.Configure_Currency_Positive_Testcases -->
