<?xml version="1.0" encoding="UTF-8"?>
<!-- Generated by org.testng.reporters.JUnitReportReporter -->
<testsuite hostname="Avaneesh-PC" failures="0" tests="1" name="com.bixbytes.qa.cbooster.testcases.DashBoard_Positive_Testcases" time="24.326" errors="0" timestamp="2020-08-06T10:43:21 IST" skipped="0">
  <testcase classname="com.bixbytes.qa.cbooster.testcases.DashBoard_Positive_Testcases" name="checktitle_action_case" time="24.326"/>
  <system-out/>
</testsuite> <!-- com.bixbytes.qa.cbooster.testcases.DashBoard_Positive_Testcases -->
