<?xml version="1.0" encoding="UTF-8"?>
<!-- Generated by org.testng.reporters.JUnitReportReporter -->
<testsuite hostname="Avaneesh-PC" failures="0" tests="5" name="com.bixbytes.qa.cbooster.testcases.Configure_PT_Positive_Testcases" time="153.502" errors="0" timestamp="2020-09-07T10:07:23 IST" skipped="0">
  <testcase classname="com.bixbytes.qa.cbooster.testcases.Configure_PT_Positive_Testcases" name="tc1_validate_configpage" time="23.757"/>
  <system-out/>
  <testcase classname="com.bixbytes.qa.cbooster.testcases.Configure_PT_Positive_Testcases" name="tc2_click_overview_btn" time="25.478"/>
  <system-out/>
  <testcase classname="com.bixbytes.qa.cbooster.testcases.Configure_PT_Positive_Testcases" name="tc3_click_producttype_btn" time="25.676"/>
  <system-out/>
  <testcase classname="com.bixbytes.qa.cbooster.testcases.Configure_PT_Positive_Testcases" name="tc4_add_producttype" time="52.009"/>
  <system-out/>
  <testcase classname="com.bixbytes.qa.cbooster.testcases.Configure_PT_Positive_Testcases" name="tc5_verify_addedProducttype" time="26.582"/>
  <system-out/>
</testsuite> <!-- com.bixbytes.qa.cbooster.testcases.Configure_PT_Positive_Testcases -->
