<?xml version="1.0" encoding="UTF-8"?>
<!-- Generated by org.testng.reporters.JUnitReportReporter -->
<testsuite skipped="0" hostname="Avaneesh-PC" name="com.bixbytes.qa.cbooster.testcases.SignIn_Testcases" tests="2" failures="0" timestamp="2020-08-04T13:22:01 IST" time="37.139" errors="0">
  <testcase name="checktitle_action_case" time="17.370" classname="com.bixbytes.qa.cbooster.testcases.SignIn_Testcases"/>
  <system-out/>
  <testcase name="login_case" time="19.769" classname="com.bixbytes.qa.cbooster.testcases.SignIn_Testcases"/>
  <system-out/>
</testsuite> <!-- com.bixbytes.qa.cbooster.testcases.SignIn_Testcases -->
