<?xml version="1.0" encoding="UTF-8"?>
<!-- Generated by org.testng.reporters.JUnitReportReporter -->
<testsuite hostname="Avaneesh-PC" failures="0" tests="2" name="com.bixbytes.qa.cbooster.testcases.SignIn_Positive_Testcases" time="55.816" errors="0" timestamp="2020-08-11T17:00:04 IST" skipped="0">
  <testcase classname="com.bixbytes.qa.cbooster.testcases.SignIn_Positive_Testcases" name="signin_checktitle_action_case" time="23.646"/>
  <system-out/>
  <testcase classname="com.bixbytes.qa.cbooster.testcases.SignIn_Positive_Testcases" name="sign_case_valid" time="32.170"/>
  <system-out/>
</testsuite> <!-- com.bixbytes.qa.cbooster.testcases.SignIn_Positive_Testcases -->
