<?xml version="1.0" encoding="UTF-8"?>
<!-- Generated by org.testng.reporters.JUnitReportReporter -->
<testsuite hostname="Avaneesh-PC" failures="0" tests="3" name="com.bixbytes.qa.cbooster.testcases.SignIn_Positive_Testcases" time="67.322" errors="0" timestamp="2020-08-25T13:13:24 IST" skipped="0">
  <testcase classname="com.bixbytes.qa.cbooster.testcases.SignIn_Positive_Testcases" name="signin_checktitle_action_case" time="16.685"/>
  <system-out/>
  <testcase classname="com.bixbytes.qa.cbooster.testcases.SignIn_Positive_Testcases" name="sign_case_valid" time="22.112"/>
  <system-out/>
  <testcase classname="com.bixbytes.qa.cbooster.testcases.SignIn_Positive_Testcases" name="checktitle_afterlogin_case" time="28.525"/>
  <system-out/>
</testsuite> <!-- com.bixbytes.qa.cbooster.testcases.SignIn_Positive_Testcases -->
