<?xml version="1.0" encoding="UTF-8"?>
<!-- Generated by org.testng.reporters.JUnitReportReporter -->
<testsuite skipped="0" hostname="DESKTOP-3DNI366" name="com.bixbytes.qa.cbooster.testcases.Configure_PL_Negative_Testcases" tests="1" failures="0" timestamp="2020-09-07T16:29:42 IST" time="36.594" errors="0">
  <testcase name="tc1_clickadd_withoutdata" time="36.594" classname="com.bixbytes.qa.cbooster.testcases.Configure_PL_Negative_Testcases"/>
  <system-out/>
</testsuite> <!-- com.bixbytes.qa.cbooster.testcases.Configure_PL_Negative_Testcases -->
