<?xml version="1.0" encoding="UTF-8"?>
<!-- Generated by org.testng.reporters.JUnitReportReporter -->
<testsuite hostname="Avaneesh-PC" failures="0" tests="3" name="com.bixbytes.qa.cbooster.testcases.Configure_PL_Positive_Testcases" time="148.198" errors="0" timestamp="2020-09-02T16:01:37 IST" skipped="0">
  <testcase classname="com.bixbytes.qa.cbooster.testcases.Configure_PL_Positive_Testcases" name="tc1_click_productlevel_btn" time="38.403"/>
  <system-out/>
  <testcase classname="com.bixbytes.qa.cbooster.testcases.Configure_PL_Positive_Testcases" name="tc2_add_productlevel" time="70.795"/>
  <system-out/>
  <testcase classname="com.bixbytes.qa.cbooster.testcases.Configure_PL_Positive_Testcases" name="tc5_verify_addedProductlevel" time="39.000"/>
  <system-out/>
</testsuite> <!-- com.bixbytes.qa.cbooster.testcases.Configure_PL_Positive_Testcases -->
