<?xml version="1.0" encoding="UTF-8"?>
<!-- Generated by org.testng.reporters.JUnitReportReporter -->
<testsuite skipped="0" hostname="DESKTOP-3DNI366" name="com.bixbytes.qa.cbooster.testcases.Configure_PL_Positive_Testcases" tests="3" failures="0" timestamp="2020-09-07T16:29:42 IST" time="109.909" errors="0">
  <testcase name="tc1_click_productlevel_btn" time="32.139" classname="com.bixbytes.qa.cbooster.testcases.Configure_PL_Positive_Testcases"/>
  <system-out/>
  <testcase name="tc2_add_productlevel" time="45.154" classname="com.bixbytes.qa.cbooster.testcases.Configure_PL_Positive_Testcases"/>
  <system-out/>
  <testcase name="tc3_verify_addedProductlevel" time="32.616" classname="com.bixbytes.qa.cbooster.testcases.Configure_PL_Positive_Testcases"/>
  <system-out/>
</testsuite> <!-- com.bixbytes.qa.cbooster.testcases.Configure_PL_Positive_Testcases -->
