<?xml version="1.0" encoding="UTF-8"?>
<!-- Generated by org.testng.reporters.JUnitReportReporter -->
<testsuite skipped="0" hostname="DESKTOP-3DNI366" name="com.bixbytes.qa.cbooster.testcases.Configure_PT_Positive_Testcases" tests="5" failures="0" timestamp="2020-09-07T16:29:42 IST" time="178.971" errors="0">
  <testcase name="tc1_validate_configpage" time="29.083" classname="com.bixbytes.qa.cbooster.testcases.Configure_PT_Positive_Testcases"/>
  <system-out/>
  <testcase name="tc2_click_overview_btn" time="31.197" classname="com.bixbytes.qa.cbooster.testcases.Configure_PT_Positive_Testcases"/>
  <system-out/>
  <testcase name="tc3_click_producttype_btn" time="33.320" classname="com.bixbytes.qa.cbooster.testcases.Configure_PT_Positive_Testcases"/>
  <system-out/>
  <testcase name="tc4_add_producttype" time="50.159" classname="com.bixbytes.qa.cbooster.testcases.Configure_PT_Positive_Testcases"/>
  <system-out/>
  <testcase name="tc5_verify_addedProducttype" time="35.212" classname="com.bixbytes.qa.cbooster.testcases.Configure_PT_Positive_Testcases"/>
  <system-out/>
</testsuite> <!-- com.bixbytes.qa.cbooster.testcases.Configure_PT_Positive_Testcases -->
