<?xml version="1.0" encoding="UTF-8"?>
<!-- Generated by org.testng.reporters.JUnitReportReporter -->
<testsuite hostname="Avaneesh-PC" failures="0" tests="3" name="com.bixbytes.qa.cbooster.testcases.Configure_SLA_Positive_Testcases" time="191.135" errors="0" timestamp="2020-09-03T09:58:26 IST" skipped="0">
  <testcase classname="com.bixbytes.qa.cbooster.testcases.Configure_SLA_Positive_Testcases" name="tc1_click_sla_btn" time="38.650"/>
  <system-out/>
  <testcase classname="com.bixbytes.qa.cbooster.testcases.Configure_SLA_Positive_Testcases" name="tc2_add_sla" time="76.560"/>
  <system-out/>
  <testcase classname="com.bixbytes.qa.cbooster.testcases.Configure_SLA_Positive_Testcases" name="tc3_verify_added_sla" time="75.925"/>
  <system-out/>
</testsuite> <!-- com.bixbytes.qa.cbooster.testcases.Configure_SLA_Positive_Testcases -->
