<?xml version="1.0" encoding="UTF-8"?>
<!-- Generated by org.testng.reporters.JUnitReportReporter -->
<testsuite hostname="Avaneesh-PC" failures="0" tests="2" name="com.bixbytes.qa.cbooster.testcases.Configure_Positive_Testcases" time="156.543" errors="0" timestamp="2020-08-27T19:06:00 IST" skipped="0">
  <testcase classname="com.bixbytes.qa.cbooster.testcases.Configure_Positive_Testcases" name="tc4_add_producttype" time="113.027"/>
  <system-out/>
  <testcase classname="com.bixbytes.qa.cbooster.testcases.Configure_Positive_Testcases" name="tc5_verify_addedProducttype" time="43.516"/>
  <system-out/>
</testsuite> <!-- com.bixbytes.qa.cbooster.testcases.Configure_Positive_Testcases -->
