<?xml version="1.0" encoding="UTF-8"?>
<!-- Generated by org.testng.reporters.JUnitReportReporter -->
<testsuite skipped="0" hostname="DESKTOP-3DNI366" name="com.bixbytes.qa.cbooster.testcases.SignIn_Negative_Cases" tests="2" failures="0" timestamp="2020-09-07T16:29:42 IST" time="45.744" errors="0">
  <testcase name="tc1_signin_checktitle_action_case" time="17.592" classname="com.bixbytes.qa.cbooster.testcases.SignIn_Negative_Cases"/>
  <system-out/>
  <testcase name="tc2_signin_case_invalid_unpwd" time="28.152" classname="com.bixbytes.qa.cbooster.testcases.SignIn_Negative_Cases"/>
  <system-out/>
</testsuite> <!-- com.bixbytes.qa.cbooster.testcases.SignIn_Negative_Cases -->
