<?xml version="1.0" encoding="UTF-8"?>
<!-- Generated by org.testng.reporters.JUnitReportReporter -->
<testsuite hostname="Avaneesh-PC" failures="0" tests="3" name="com.bixbytes.qa.cbooster.testcases.SignIn_Negative_Cases" time="65.106" errors="0" timestamp="2020-08-17T20:05:22 IST" skipped="0">
  <testcase classname="com.bixbytes.qa.cbooster.testcases.SignIn_Negative_Cases" name="signin_checktitle_action_case" time="15.665"/>
  <system-out/>
  <testcase classname="com.bixbytes.qa.cbooster.testcases.SignIn_Negative_Cases" name="signin_case_invalid_unpwd" time="24.751"/>
  <system-out/>
  <testcase classname="com.bixbytes.qa.cbooster.testcases.SignIn_Negative_Cases" name="signin_case_invalid_pwd" time="24.690"/>
  <system-out/>
</testsuite> <!-- com.bixbytes.qa.cbooster.testcases.SignIn_Negative_Cases -->
