<?xml version="1.0" encoding="UTF-8"?>
<!-- Generated by org.testng.reporters.JUnitReportReporter -->
<testsuite hostname="Avaneesh-PC" failures="0" tests="2" name="com.bixbytes.qa.cbooster.testcases.SignIn_Negative_Cases" time="41.509" errors="0" timestamp="2020-08-25T13:13:24 IST" skipped="0">
  <testcase classname="com.bixbytes.qa.cbooster.testcases.SignIn_Negative_Cases" name="signin_checktitle_action_case" time="15.335"/>
  <system-out/>
  <testcase classname="com.bixbytes.qa.cbooster.testcases.SignIn_Negative_Cases" name="signin_case_invalid_unpwd" time="26.174"/>
  <system-out/>
</testsuite> <!-- com.bixbytes.qa.cbooster.testcases.SignIn_Negative_Cases -->
