<?xml version="1.0" encoding="UTF-8"?>
<!-- Generated by org.testng.reporters.JUnitReportReporter -->
<testsuite skipped="0" hostname="DESKTOP-3DNI366" name="com.bixbytes.qa.cbooster.testcases.Forgotpassword_Negative_Testcases" tests="1" failures="0" timestamp="2020-09-07T16:29:42 IST" time="24.843" errors="0">
  <testcase name="tc1_forgot_password_submit_invalid_case" time="24.843" classname="com.bixbytes.qa.cbooster.testcases.Forgotpassword_Negative_Testcases"/>
  <system-out/>
</testsuite> <!-- com.bixbytes.qa.cbooster.testcases.Forgotpassword_Negative_Testcases -->
