<?xml version="1.0" encoding="UTF-8"?>
<!-- Generated by org.testng.reporters.JUnitReportReporter -->
<testsuite hostname="Avaneesh-PC" failures="0" tests="1" name="com.bixbytes.qa.cbooster.testcases.Forgotpassword_Negative_Testcases" time="24.972" errors="0" timestamp="2020-08-25T13:13:24 IST" skipped="0">
  <testcase classname="com.bixbytes.qa.cbooster.testcases.Forgotpassword_Negative_Testcases" name="forgot_password_submit_invalid_case" time="24.972"/>
  <system-out/>
</testsuite> <!-- com.bixbytes.qa.cbooster.testcases.Forgotpassword_Negative_Testcases -->
