<?xml version="1.0" encoding="UTF-8"?>
<!-- Generated by org.testng.reporters.JUnitReportReporter -->
<testsuite hostname="Avaneesh-PC" failures="0" tests="2" name="com.bixbytes.qa.cbooster.testcases.Configure_Positive_Testcases" time="119.202" errors="0" timestamp="2020-08-28T12:07:11 IST" skipped="0">
  <testcase classname="com.bixbytes.qa.cbooster.testcases.Configure_Positive_Testcases" name="tc4_add_producttype" time="69.210"/>
  <system-out/>
  <testcase classname="com.bixbytes.qa.cbooster.testcases.Configure_Positive_Testcases" name="tc5_verify_addedProducttype" time="49.992"/>
  <system-out/>
</testsuite> <!-- com.bixbytes.qa.cbooster.testcases.Configure_Positive_Testcases -->
